<?xml version="1.0" encoding="UTF-8" ?>
<testsuite tests="8" failures="0" name="p05_CustomLinkedList.CustomLinkedListTest" time="0.009" errors="0" skipped="0">
  <properties>
[...]
</properties>
  <testcase classname="p05_CustomLinkedList.CustomLinkedListTest" name="Test_AddIfListIsEmpty" time="0.008"/>
  <testcase classname="p05_CustomLinkedList.CustomLinkedListTest" name="Test_RemoveAtShouldThrowException" time="0"/>
  <testcase classname="p05_CustomLinkedList.CustomLinkedListTest" name="Test_GetShouldThrowException" time="0"/>
  <testcase classname="p05_CustomLinkedList.CustomLinkedListTest" name="Test_SetShouldWorkProperly" time="0"/>
  <testcase classname="p05_CustomLinkedList.CustomLinkedListTest" name="Test_RemoveAtShouldWorkProperly" time="0"/>
  <testcase classname="p05_CustomLinkedList.CustomLinkedListTest" name="Test_SetShouldThrowException" time="0.001"/>
  <testcase classname="p05_CustomLinkedList.CustomLinkedListTest" name="Test_GetShouldWorkProperly" time="0"/>
  <testcase classname="p05_CustomLinkedList.CustomLinkedListTest" name="Test_AddIfNonEmptyList" time="0"/>
</testsuite>